c:\users\akiress\git\school\csc4356\windows\project4\project4\debug\initshader.obj
c:\users\akiress\git\school\csc4356\windows\project4\project4\debug\project4.obj
c:\users\akiress\git\school\csc4356\windows\project4\project4\debug\vc110.pdb
c:\users\akiress\git\school\csc4356\windows\project4\debug\project4.ilk
c:\users\akiress\git\school\csc4356\windows\project4\debug\project4.exe
c:\users\akiress\git\school\csc4356\windows\project4\debug\project4.pdb
c:\users\beng\git\school\csc4356\windows\project4\project4\debug\initshader.obj
c:\users\beng\git\school\csc4356\windows\project4\project4\debug\project4.obj
c:\users\beng\git\school\csc4356\windows\project4\project4\debug\cl.command.1.tlog
c:\users\beng\git\school\csc4356\windows\project4\project4\debug\cl.read.1.tlog
c:\users\beng\git\school\csc4356\windows\project4\project4\debug\cl.write.1.tlog
c:\users\beng\git\school\csc4356\windows\project4\project4\debug\link-cvtres.read.1.tlog
c:\users\beng\git\school\csc4356\windows\project4\project4\debug\link-cvtres.write.1.tlog
c:\users\beng\git\school\csc4356\windows\project4\project4\debug\link-rc.read.1.tlog
c:\users\beng\git\school\csc4356\windows\project4\project4\debug\link-rc.write.1.tlog
c:\users\beng\git\school\csc4356\windows\project4\project4\debug\link.command.1.tlog
c:\users\beng\git\school\csc4356\windows\project4\project4\debug\link.read.1.tlog
c:\users\beng\git\school\csc4356\windows\project4\project4\debug\link.write.1.tlog
c:\users\beng\git\school\csc4356\windows\project4\project4\debug\vc110.idb
c:\users\beng\git\school\csc4356\windows\project4\project4\debug\vc110.pdb
c:\users\beng\git\school\csc4356\windows\project4\debug\project4.pdb
c:\users\beng\git\school\csc4356\windows\project4\debug\project4.exe
c:\users\beng\git\school\csc4356\windows\project4\debug\project4.ilk
