C:\USERS\AKIRESS\GIT\SCHOOL\CSC4356\WINDOWS\PROJECT2\PROJECT2\DEBUG\INITSHADER.OBJ
C:\USERS\AKIRESS\GIT\SCHOOL\CSC4356\WINDOWS\PROJECT2\PROJECT2\DEBUG\PROJECT2.OBJ
C:\USERS\AKIRESS\GIT\SCHOOL\CSC4356\WINDOWS\PROJECT2\PROJECT2\DEBUG\VC110.PDB
C:\USERS\AKIRESS\GIT\SCHOOL\CSC4356\WINDOWS\PROJECT2\DEBUG\PROJECT2.ILK
C:\USERS\AKIRESS\GIT\SCHOOL\CSC4356\WINDOWS\PROJECT2\DEBUG\PROJECT2.EXE
C:\USERS\AKIRESS\GIT\SCHOOL\CSC4356\WINDOWS\PROJECT2\DEBUG\PROJECT2.PDB
C:\Users\akiress\git\school\CSC4356\windows\Project2\Project2\Debug\InitShader.obj
C:\Users\akiress\git\school\CSC4356\windows\Project2\Project2\Debug\project2.obj
C:\Users\akiress\git\school\CSC4356\windows\Project2\Project2\Debug\cl.command.1.tlog
C:\Users\akiress\git\school\CSC4356\windows\Project2\Project2\Debug\CL.read.1.tlog
C:\Users\akiress\git\school\CSC4356\windows\Project2\Project2\Debug\CL.write.1.tlog
C:\Users\akiress\git\school\CSC4356\windows\Project2\Project2\Debug\link-cvtres.read.1.tlog
C:\Users\akiress\git\school\CSC4356\windows\Project2\Project2\Debug\link-cvtres.write.1.tlog
C:\Users\akiress\git\school\CSC4356\windows\Project2\Project2\Debug\link-rc.read.1.tlog
C:\Users\akiress\git\school\CSC4356\windows\Project2\Project2\Debug\link-rc.write.1.tlog
C:\Users\akiress\git\school\CSC4356\windows\Project2\Project2\Debug\link.command.1.tlog
C:\Users\akiress\git\school\CSC4356\windows\Project2\Project2\Debug\link.read.1.tlog
C:\Users\akiress\git\school\CSC4356\windows\Project2\Project2\Debug\link.write.1.tlog
C:\Users\akiress\git\school\CSC4356\windows\Project2\Project2\Debug\vc110.idb
C:\Users\akiress\git\school\CSC4356\windows\Project2\Project2\Debug\vc110.pdb
C:\Users\akiress\git\school\CSC4356\windows\Project2\Debug\Project2.pdb
C:\Users\akiress\git\school\CSC4356\windows\Project2\Debug\Project2.exe
C:\Users\akiress\git\school\CSC4356\windows\Project2\Debug\Project2.ilk
