Build started 10/2/2013 3:17:29 PM.
     1>Project "C:\Users\akiress\git\school\CSC4356\windows\Project2\Project2\Project2.vcxproj" on node 2 (Rebuild target(s)).
     1>ClCompile:
         C:\Program Files (x86)\Microsoft Visual Studio 11.0\VC\bin\CL.exe /c /ZI /nologo /W3 /WX- /Od /Oy- /D _MBCS /Gm /EHsc /RTC1 /MDd /GS /fp:precise /Zc:wchar_t /Zc:forScope /Fo"Debug\\" /Fd"Debug\vc110.pdb" /Gd /TP /analyze- /errorReport:prompt InitShader.cpp project2.cpp
         project2.cpp
     1>c:\users\akiress\git\school\csc4356\windows\project2\project2\angel.h(61): warning C4305: 'initializing' : truncation from 'double' to 'const GLfloat'
     1>c:\users\akiress\git\school\csc4356\windows\project2\project2\mat.h(697): warning C4244: '=' : conversion from 'double' to 'GLfloat', possible loss of data
     1>c:\users\akiress\git\school\csc4356\windows\project2\project2\mat.h(698): warning C4244: '=' : conversion from 'double' to 'GLfloat', possible loss of data
     1>c:\users\akiress\git\school\csc4356\windows\project2\project2\mat.h(699): warning C4244: '=' : conversion from 'double' to 'GLfloat', possible loss of data
     1>c:\users\akiress\git\school\csc4356\windows\project2\project2\mat.h(720): warning C4244: '=' : conversion from 'double' to 'GLfloat', possible loss of data
     1>c:\users\akiress\git\school\csc4356\windows\project2\project2\mat.h(722): warning C4244: '=' : conversion from 'double' to 'GLfloat', possible loss of data
     1>c:\users\akiress\git\school\csc4356\windows\project2\project2\mat.h(725): warning C4244: '=' : conversion from 'double' to 'GLfloat', possible loss of data
     1>c:\users\akiress\git\school\csc4356\windows\project2\project2\mat.h(742): warning C4244: '=' : conversion from 'double' to 'GLfloat', possible loss of data
     1>c:\users\akiress\git\school\csc4356\windows\project2\project2\project2.cpp(162): warning C4305: '+=' : truncation from 'double' to 'GLfloat'
         InitShader.cpp
     1>c:\users\akiress\git\school\csc4356\windows\project2\project2\angel.h(61): warning C4305: 'initializing' : truncation from 'double' to 'const GLfloat'
     1>c:\users\akiress\git\school\csc4356\windows\project2\project2\mat.h(697): warning C4244: '=' : conversion from 'double' to 'GLfloat', possible loss of data
     1>c:\users\akiress\git\school\csc4356\windows\project2\project2\mat.h(698): warning C4244: '=' : conversion from 'double' to 'GLfloat', possible loss of data
     1>c:\users\akiress\git\school\csc4356\windows\project2\project2\mat.h(699): warning C4244: '=' : conversion from 'double' to 'GLfloat', possible loss of data
     1>c:\users\akiress\git\school\csc4356\windows\project2\project2\mat.h(720): warning C4244: '=' : conversion from 'double' to 'GLfloat', possible loss of data
     1>c:\users\akiress\git\school\csc4356\windows\project2\project2\mat.h(722): warning C4244: '=' : conversion from 'double' to 'GLfloat', possible loss of data
     1>c:\users\akiress\git\school\csc4356\windows\project2\project2\mat.h(725): warning C4244: '=' : conversion from 'double' to 'GLfloat', possible loss of data
     1>c:\users\akiress\git\school\csc4356\windows\project2\project2\mat.h(742): warning C4244: '=' : conversion from 'double' to 'GLfloat', possible loss of data
     1>c:\users\akiress\git\school\csc4356\windows\project2\project2\initshader.cpp(9): warning C4996: 'fopen': This function or variable may be unsafe. Consider using fopen_s instead. To disable deprecation, use _CRT_SECURE_NO_WARNINGS. See online help for details.
                 c:\program files (x86)\microsoft visual studio 11.0\vc\include\stdio.h(218) : see declaration of 'fopen'
         Generating Code...
       Link:
         C:\Program Files (x86)\Microsoft Visual Studio 11.0\VC\bin\link.exe /ERRORREPORT:PROMPT /OUT:"C:\Users\akiress\git\school\CSC4356\windows\Project2\Debug\Project2.exe" /INCREMENTAL /NOLOGO kernel32.lib user32.lib gdi32.lib winspool.lib comdlg32.lib advapi32.lib shell32.lib ole32.lib oleaut32.lib uuid.lib odbc32.lib odbccp32.lib /MANIFEST /MANIFESTUAC:"level='asInvoker' uiAccess='false'" /manifest:embed /DEBUG /PDB:"C:\Users\akiress\git\school\CSC4356\windows\Project2\Debug\Project2.pdb" /TLBID:1 /DYNAMICBASE /NXCOMPAT /IMPLIB:"C:\Users\akiress\git\school\CSC4356\windows\Project2\Debug\Project2.lib" /MACHINE:X86 Debug\InitShader.obj
         Debug\project2.obj
         Project2.vcxproj -> C:\Users\akiress\git\school\CSC4356\windows\Project2\Debug\Project2.exe
     1>Done Building Project "C:\Users\akiress\git\school\CSC4356\windows\Project2\Project2\Project2.vcxproj" (Rebuild target(s)).

Build succeeded.

Time Elapsed 00:00:04.16
