C:\USERS\AKIRESS\GIT\SCHOOL\CSC4356\WINDOWS\EXAMPLE1\EXAMPLE1\DEBUG\EXAMPLE1.OBJ
C:\USERS\AKIRESS\GIT\SCHOOL\CSC4356\WINDOWS\EXAMPLE1\EXAMPLE1\DEBUG\INITSHADER.OBJ
C:\USERS\AKIRESS\GIT\SCHOOL\CSC4356\WINDOWS\EXAMPLE1\EXAMPLE1\DEBUG\VC110.PDB
C:\USERS\AKIRESS\GIT\SCHOOL\CSC4356\WINDOWS\EXAMPLE1\DEBUG\EXAMPLE1.ILK
C:\USERS\AKIRESS\GIT\SCHOOL\CSC4356\WINDOWS\EXAMPLE1\DEBUG\EXAMPLE1.EXE
C:\USERS\AKIRESS\GIT\SCHOOL\CSC4356\WINDOWS\EXAMPLE1\DEBUG\EXAMPLE1.PDB
C:\Users\akiress\git\school\CSC4356\windows\Example1\Example1\Debug\example1.obj
C:\Users\akiress\git\school\CSC4356\windows\Example1\Example1\Debug\InitShader.obj
C:\Users\akiress\git\school\CSC4356\windows\Example1\Example1\Debug\cl.command.1.tlog
C:\Users\akiress\git\school\CSC4356\windows\Example1\Example1\Debug\CL.read.1.tlog
C:\Users\akiress\git\school\CSC4356\windows\Example1\Example1\Debug\CL.write.1.tlog
C:\Users\akiress\git\school\CSC4356\windows\Example1\Example1\Debug\link-cvtres.read.1.tlog
C:\Users\akiress\git\school\CSC4356\windows\Example1\Example1\Debug\link-cvtres.write.1.tlog
C:\Users\akiress\git\school\CSC4356\windows\Example1\Example1\Debug\link-rc.read.1.tlog
C:\Users\akiress\git\school\CSC4356\windows\Example1\Example1\Debug\link-rc.write.1.tlog
C:\Users\akiress\git\school\CSC4356\windows\Example1\Example1\Debug\link.command.1.tlog
C:\Users\akiress\git\school\CSC4356\windows\Example1\Example1\Debug\link.read.1.tlog
C:\Users\akiress\git\school\CSC4356\windows\Example1\Example1\Debug\link.write.1.tlog
C:\Users\akiress\git\school\CSC4356\windows\Example1\Example1\Debug\vc110.idb
C:\Users\akiress\git\school\CSC4356\windows\Example1\Example1\Debug\vc110.pdb
C:\Users\akiress\git\school\CSC4356\windows\Example1\Debug\Example1.pdb
C:\Users\akiress\git\school\CSC4356\windows\Example1\Debug\Example1.exe
C:\Users\akiress\git\school\CSC4356\windows\Example1\Debug\Example1.ilk
