c:\users\akiress\git\school\csc4356\windows\project3\project3\debug\initshader.obj
c:\users\akiress\git\school\csc4356\windows\project3\project3\debug\project3.obj
c:\users\akiress\git\school\csc4356\windows\project3\project3\debug\vc110.pdb
c:\users\akiress\git\school\csc4356\windows\project3\debug\project3.ilk
c:\users\akiress\git\school\csc4356\windows\project3\debug\project3.exe
c:\users\akiress\git\school\csc4356\windows\project3\debug\project3.pdb
c:\users\beng\git\school\csc4356\windows\project3\project3\debug\initshader.obj
c:\users\beng\git\school\csc4356\windows\project3\project3\debug\project3.obj
c:\users\beng\git\school\csc4356\windows\project3\project3\debug\cl.command.1.tlog
c:\users\beng\git\school\csc4356\windows\project3\project3\debug\cl.read.1.tlog
c:\users\beng\git\school\csc4356\windows\project3\project3\debug\cl.write.1.tlog
c:\users\beng\git\school\csc4356\windows\project3\project3\debug\link-cvtres.read.1.tlog
c:\users\beng\git\school\csc4356\windows\project3\project3\debug\link-cvtres.write.1.tlog
c:\users\beng\git\school\csc4356\windows\project3\project3\debug\link-rc.read.1.tlog
c:\users\beng\git\school\csc4356\windows\project3\project3\debug\link-rc.write.1.tlog
c:\users\beng\git\school\csc4356\windows\project3\project3\debug\link.command.1.tlog
c:\users\beng\git\school\csc4356\windows\project3\project3\debug\link.read.1.tlog
c:\users\beng\git\school\csc4356\windows\project3\project3\debug\link.write.1.tlog
c:\users\beng\git\school\csc4356\windows\project3\project3\debug\vc110.idb
c:\users\beng\git\school\csc4356\windows\project3\project3\debug\vc110.pdb
c:\users\beng\git\school\csc4356\windows\project3\debug\project3.pdb
c:\users\beng\git\school\csc4356\windows\project3\debug\project3.exe
c:\users\beng\git\school\csc4356\windows\project3\debug\project3.ilk
